c:\users\wudis\documents\graphics\projects\water\water\water\debug\vc142.pdb
c:\users\wudis\documents\graphics\projects\water\water\water\debug\vc142.idb
c:\users\wudis\documents\graphics\projects\water\water\water\debug\window.obj
c:\users\wudis\documents\graphics\projects\water\water\water\debug\vao.obj
c:\users\wudis\documents\graphics\projects\water\water\water\debug\texture.obj
c:\users\wudis\documents\graphics\projects\water\water\water\debug\sphere.obj
c:\users\wudis\documents\graphics\projects\water\water\water\debug\simon_func.obj
c:\users\wudis\documents\graphics\projects\water\water\water\debug\shader.obj
c:\users\wudis\documents\graphics\projects\water\water\water\debug\model.obj
c:\users\wudis\documents\graphics\projects\water\water\water\debug\mesh.obj
c:\users\wudis\documents\graphics\projects\water\water\water\debug\main.obj
c:\users\wudis\documents\graphics\projects\water\water\water\debug\extra.obj
c:\users\wudis\documents\graphics\projects\water\water\water\debug\drawer.obj
c:\users\wudis\documents\graphics\projects\water\water\water\debug\camera.obj
c:\users\wudis\documents\graphics\projects\water\water\water\debug\water.obj
c:\users\wudis\documents\graphics\projects\water\water\water\debug\renderobject.obj
c:\users\wudis\documents\graphics\projects\water\water\water\debug\glad.obj
c:\users\wudis\documents\graphics\projects\water\water\debug\water.exe
c:\users\wudis\documents\graphics\projects\water\water\debug\water.ilk
c:\users\wudis\documents\graphics\projects\water\water\debug\water.pdb
c:\users\wudis\documents\graphics\projects\water\water\water\debug\water.tlog\cl.command.1.tlog
c:\users\wudis\documents\graphics\projects\water\water\water\debug\water.tlog\cl.read.1.tlog
c:\users\wudis\documents\graphics\projects\water\water\water\debug\water.tlog\cl.write.1.tlog
c:\users\wudis\documents\graphics\projects\water\water\water\debug\water.tlog\link.command.1.tlog
c:\users\wudis\documents\graphics\projects\water\water\water\debug\water.tlog\link.read.1.tlog
c:\users\wudis\documents\graphics\projects\water\water\water\debug\water.tlog\link.write.1.tlog
